<?xml version="1.0" encoding="UTF-8"?>
<!-- Generated by org.testng.reporters.JUnitXMLReporter -->
<testsuite ignored="0" hostname="Admin-PC" failures="2" tests="5" name="TheMomDesk Test" time="262.266" errors="0" timestamp="21 Feb 2021 20:05:55 GMT">
  <testcase classname="com.themomsdesk.testCases.TC01_CareerPage" name="testCareerText" time="7.689">
    <failure type="java.lang.AssertionError" message="expected [true] but found [false]">
      <![CDATA[java.lang.AssertionError: expected [true] but found [false]
at com.themomsdesk.testCases.TC01_CareerPage.testCareerText(TC01_CareerPage.java:34)
... Removed 29 stack frames]]>
    </failure>
  </testcase> <!-- testCareerText -->
  <testcase classname="com.themomsdesk.testCases.TC02_ContactPage" name="testContactPage" time="14.17"/>
  <testcase classname="com.themomsdesk.testCases.TC03_ContactPageForm" name="testContactPage" time="11.986">
    <failure type="java.lang.AssertionError" message="expected [true] but found [false]">
      <![CDATA[java.lang.AssertionError: expected [true] but found [false]
at com.themomsdesk.testCases.TC03_ContactPageForm.testContactPage(TC03_ContactPageForm.java:49)
... Removed 29 stack frames]]>
    </failure>
  </testcase> <!-- testContactPage -->
  <testcase classname="com.themomsdesk.testCases.TC04_Automation_Testing" name="testAtutomationTesting" time="14.536"/>
  <testcase classname="com.themomsdesk.testCases.TC05_Blog" name="testBlog" time="12.645"/>
</testsuite> <!-- TheMomDesk Test -->
